<?xml version="1.0" encoding="UTF-8"?>
<testsuite name="sample.SampleTests" tests="1" skipped="0" failures="0" errors="0" timestamp="2019-06-17T19:16:18" hostname="Nhat-MBP.fritz.box" time="0.001">
  <properties/>
  <testcase name="testMe" classname="sample.SampleTests" time="0.001"/>
  <system-out><![CDATA[]]></system-out>
  <system-err><![CDATA[]]></system-err>
</testsuite>
