<?xml version="1.0" encoding="UTF-8"?>
<testsuite name="sample.SampleTestsJVM" tests="1" skipped="0" failures="0" errors="0" timestamp="2019-06-17T19:16:18" hostname="Nhat-MBP.fritz.box" time="0.019">
  <properties/>
  <testcase name="testHello" classname="sample.SampleTestsJVM" time="0.019"/>
  <system-out><![CDATA[]]></system-out>
  <system-err><![CDATA[]]></system-err>
</testsuite>
